\BOOKMARK [0][-]{section*.3}{\376\377\000C\000o\000n\000t\000e\000n\000t\000s}{}% 1
\BOOKMARK [0][-]{chapter.1}{\376\377\000I\000n\000t\000r\000o\000d\000u\000c\000t\000i\000o\000n}{}% 2
\BOOKMARK [0][-]{chapter.2}{\376\377\000B\000a\000c\000k\000g\000r\000o\000u\000n\000d\000:\000\040\000T\000h\000e\000\040\000C\000u\000r\000r\000e\000n\000t\000\040\000W\000e\000b\000,\000\040\000M\000o\000d\000e\000l\000s\000\040\000a\000n\000d\000\040\000D\000e\000f\000i\000n\000i\000t\000i\000o\000n\000s}{}% 3
\BOOKMARK [1][-]{section.2.1}{\376\377\000P\000r\000o\000b\000l\000e\000m\000s\000\040\000i\000n\000\040\000t\000h\000e\000\040\000c\000u\000r\000r\000e\000n\000t\000\040\000w\000e\000b}{chapter.2}% 4
\BOOKMARK [1][-]{section.2.2}{\376\377\000A\000\040\000D\000i\000s\000t\000r\000i\000b\000u\000t\000e\000d\000\040\000E\000n\000v\000i\000r\000o\000n\000m\000e\000n\000t}{chapter.2}% 5
\BOOKMARK [1][-]{section.2.3}{\376\377\000D\000e\000c\000e\000n\000t\000r\000a\000l\000i\000z\000a\000t\000i\000o\000n\000\040\000t\000r\000a\000d\000e\000-\000o\000f\000f\000s}{chapter.2}% 6
\BOOKMARK [0][-]{chapter.3}{\376\377\000D\000e\000c\000e\000n\000t\000r\000a\000l\000i\000z\000i\000n\000g\000\040\000S\000t\000o\000r\000a\000g\000e}{}% 7
\BOOKMARK [1][-]{section.3.1}{\376\377\000B\000i\000t\000T\000o\000r\000r\000e\000n\000t}{chapter.3}% 8
\BOOKMARK [2][-]{subsection.3.1.1}{\376\377\000D\000H\000T}{section.3.1}% 9
\BOOKMARK [1][-]{section.3.2}{\376\377\000I\000P\000F\000S}{chapter.3}% 10
\BOOKMARK [1][-]{section.3.3}{\376\377\000E\000t\000h\000e\000r\000e\000u\000m\000\040\000S\000w\000a\000r\000m}{chapter.3}% 11
\BOOKMARK [1][-]{section.3.4}{\376\377\000F\000i\000l\000e\000c\000o\000i\000n}{chapter.3}% 12
\BOOKMARK [1][-]{section.3.5}{\376\377\000A\000n\000a\000l\000y\000s\000i\000s}{chapter.3}% 13
\BOOKMARK [0][-]{chapter.4}{\376\377\000D\000e\000c\000e\000n\000t\000r\000a\000l\000i\000z\000i\000n\000g\000\040\000N\000a\000m\000i\000n\000g}{}% 14
\BOOKMARK [1][-]{section.4.1}{\376\377\000N\000a\000m\000e\000c\000o\000i\000n}{chapter.4}% 15
\BOOKMARK [1][-]{section.4.2}{\376\377\000E\000t\000h\000e\000r\000e\000u\000m\000\040\000N\000a\000m\000e\000\040\000S\000e\000r\000v\000i\000c\000e}{chapter.4}% 16
\BOOKMARK [1][-]{section.4.3}{\376\377\000A\000n\000a\000l\000y\000s\000i\000s}{chapter.4}% 17
\BOOKMARK [0][-]{chapter.5}{\376\377\000D\000i\000s\000t\000r\000i\000b\000u\000t\000e\000d\000\040\000W\000e\000b\000\040\000P\000r\000o\000j\000e\000c\000t\000s}{}% 18
\BOOKMARK [1][-]{section.5.1}{\376\377\000Z\000e\000r\000o\000N\000e\000t}{chapter.5}% 19
\BOOKMARK [1][-]{section.5.2}{\376\377\000B\000l\000o\000c\000k\000s\000t\000a\000c\000k}{chapter.5}% 20
\BOOKMARK [1][-]{section.5.3}{\376\377\000A\000n\000a\000l\000y\000s\000i\000s}{chapter.5}% 21
\BOOKMARK [0][-]{chapter.6}{\376\377\000U\000p\000c\000o\000m\000i\000n\000g\000\040\000p\000r\000o\000j\000e\000c\000t\000s}{}% 22
\BOOKMARK [1][-]{section.6.1}{\376\377\000S\000u\000b\000s\000t\000r\000a\000t\000u\000m}{chapter.6}% 23
\BOOKMARK [1][-]{section.6.2}{\376\377\000H\000a\000s\000h\000g\000r\000a\000p\000h}{chapter.6}% 24
\BOOKMARK [0][-]{chapter.7}{\376\377\000C\000o\000n\000c\000l\000u\000s\000i\000o\000n\000s}{}% 25
\BOOKMARK [0][-]{chapter*.5}{\376\377\000G\000l\000o\000s\000s\000a\000r\000y}{}% 26
\BOOKMARK [0][-]{section*.7}{\376\377\000B\000i\000b\000l\000i\000o\000g\000r\000a\000p\000h\000y}{}% 27
